[2026-07-01T12:33:00.506+0000] {local_task_job_runner.py:120} INFO - ::group::Pre task execution logs
[2026-07-01T12:33:00.889+0000] {taskinstance.py:2076} INFO - Dependencies all met for dep_context=non-requeueable deps ti=<TaskInstance: etl_faker_pipeline.extract_task manual__2026-07-01T12:30:30.212948+00:00 [queued]>
[2026-07-01T12:33:01.042+0000] {taskinstance.py:2076} INFO - Dependencies all met for dep_context=requeueable deps ti=<TaskInstance: etl_faker_pipeline.extract_task manual__2026-07-01T12:30:30.212948+00:00 [queued]>
[2026-07-01T12:33:01.050+0000] {taskinstance.py:2306} INFO - Starting attempt 1 of 2
[2026-07-01T12:33:01.159+0000] {taskinstance.py:2330} INFO - Executing <Task(_PythonDecoratedOperator): extract_task> on 2026-07-01 12:30:30.212948+00:00
[2026-07-01T12:33:01.223+0000] {standard_task_runner.py:90} INFO - Running: ['airflow', 'tasks', 'run', 'etl_faker_pipeline', 'extract_task', 'manual__2026-07-01T12:30:30.212948+00:00', '--job-id', '9', '--raw', '--subdir', 'DAGS_FOLDER/dag.py', '--cfg-path', '/tmp/tmpho_960jz']
[2026-07-01T12:33:01.235+0000] {logging_mixin.py:188} WARNING - /mnt/c/Users/dipak/OneDrive/Desktop/etl_pipeline/.venv/lib/python3.12/site-packages/airflow/task/task_runner/standard_task_runner.py:61 DeprecationWarning: This process (pid=19529) is multi-threaded, use of fork() may lead to deadlocks in the child.
[2026-07-01T12:33:01.238+0000] {standard_task_runner.py:91} INFO - Job 9: Subtask extract_task
[2026-07-01T12:33:01.239+0000] {standard_task_runner.py:63} INFO - Started process 19575 to run task
[2026-07-01T12:33:01.499+0000] {task_command.py:426} INFO - Running <TaskInstance: etl_faker_pipeline.extract_task manual__2026-07-01T12:30:30.212948+00:00 [running]> on host HP.localdomain
[2026-07-01T12:33:03.107+0000] {taskinstance.py:2648} INFO - Exporting env vars: AIRFLOW_CTX_DAG_OWNER='airflow' AIRFLOW_CTX_DAG_ID='etl_faker_pipeline' AIRFLOW_CTX_TASK_ID='extract_task' AIRFLOW_CTX_EXECUTION_DATE='2026-07-01T12:30:30.212948+00:00' AIRFLOW_CTX_TRY_NUMBER='1' AIRFLOW_CTX_DAG_RUN_ID='manual__2026-07-01T12:30:30.212948+00:00'
[2026-07-01T12:33:03.115+0000] {taskinstance.py:430} INFO - ::endgroup::
[2026-07-01T12:33:07.709+0000] {logging_mixin.py:188} INFO - (1000000, 4)
[2026-07-01T12:33:07.881+0000] {logging_mixin.py:188} INFO - name           0
email      50163
salary    100339
dob        49622
dtype: int64
[2026-07-01T12:33:07.890+0000] {python.py:237} INFO - Done. Returned value was: /mnt/c/Users/dipak/OneDrive/Desktop/etl_pipeline/data/staging/extracted.parquet
[2026-07-01T12:33:07.894+0000] {taskinstance.py:441} INFO - ::group::Post task execution logs
[2026-07-01T12:33:07.989+0000] {taskinstance.py:1206} INFO - Marking task as SUCCESS. dag_id=etl_faker_pipeline, task_id=extract_task, run_id=manual__2026-07-01T12:30:30.212948+00:00, execution_date=20260701T123030, start_date=20260701T123300, end_date=20260701T123307
[2026-07-01T12:33:08.197+0000] {local_task_job_runner.py:240} INFO - Task exited with return code 0
[2026-07-01T12:33:08.281+0000] {taskinstance.py:3498} INFO - 1 downstream tasks scheduled from follow-on schedule check
[2026-07-01T12:33:08.307+0000] {local_task_job_runner.py:222} INFO - ::endgroup::
