[2026-07-01T17:03:00.024+0000] {local_task_job_runner.py:120} INFO - ::group::Pre task execution logs
[2026-07-01T17:03:00.256+0000] {taskinstance.py:2076} INFO - Dependencies all met for dep_context=non-requeueable deps ti=<TaskInstance: etl_faker_pipeline.transform_task manual__2026-07-01T16:59:18.218470+00:00 [queued]>
[2026-07-01T17:03:00.281+0000] {taskinstance.py:2076} INFO - Dependencies all met for dep_context=requeueable deps ti=<TaskInstance: etl_faker_pipeline.transform_task manual__2026-07-01T16:59:18.218470+00:00 [queued]>
[2026-07-01T17:03:00.283+0000] {taskinstance.py:2306} INFO - Starting attempt 1 of 4
[2026-07-01T17:03:00.333+0000] {taskinstance.py:2330} INFO - Executing <Task(_PythonDecoratedOperator): transform_task> on 2026-07-01 16:59:18.218470+00:00
[2026-07-01T17:03:00.359+0000] {logging_mixin.py:188} WARNING - /mnt/c/Users/dipak/OneDrive/Desktop/etl_pipeline/.venv/lib/python3.12/site-packages/airflow/task/task_runner/standard_task_runner.py:61 DeprecationWarning: This process (pid=1766) is multi-threaded, use of fork() may lead to deadlocks in the child.
[2026-07-01T17:03:00.359+0000] {standard_task_runner.py:90} INFO - Running: ['airflow', 'tasks', 'run', 'etl_faker_pipeline', 'transform_task', 'manual__2026-07-01T16:59:18.218470+00:00', '--job-id', '45', '--raw', '--subdir', 'DAGS_FOLDER/dag.py', '--cfg-path', '/tmp/tmppv6meg6j']
[2026-07-01T17:03:00.365+0000] {standard_task_runner.py:91} INFO - Job 45: Subtask transform_task
[2026-07-01T17:03:00.364+0000] {standard_task_runner.py:63} INFO - Started process 1771 to run task
[2026-07-01T17:03:00.530+0000] {task_command.py:426} INFO - Running <TaskInstance: etl_faker_pipeline.transform_task manual__2026-07-01T16:59:18.218470+00:00 [running]> on host HP.localdomain
[2026-07-01T17:03:01.266+0000] {taskinstance.py:2648} INFO - Exporting env vars: AIRFLOW_CTX_DAG_OWNER='airflow' AIRFLOW_CTX_DAG_ID='etl_faker_pipeline' AIRFLOW_CTX_TASK_ID='transform_task' AIRFLOW_CTX_EXECUTION_DATE='2026-07-01T16:59:18.218470+00:00' AIRFLOW_CTX_TRY_NUMBER='1' AIRFLOW_CTX_DAG_RUN_ID='manual__2026-07-01T16:59:18.218470+00:00'
[2026-07-01T17:03:01.269+0000] {taskinstance.py:430} INFO - ::endgroup::
[2026-07-01T17:03:11.346+0000] {logging_mixin.py:188} INFO - Transformation complete
[2026-07-01T17:03:11.384+0000] {logging_mixin.py:188} INFO -                 name                        email  ...         dob year_of_birth
0      Charles Allen         pkaufman@example.net  ...  1990-09-14          1990
2    Jacob Robertson        jeffrey17@example.com  ...  1999-10-02          1999
3    Nicole Galloway  camachojonathan@example.net  ...  1998-04-19          1998
4  Jennifer Williams          unknown@example.com  ...  2007-12-18          2007
6  Bradley Cervantes      horndarlene@example.com  ...  1968-02-08          1968

[5 rows x 5 columns]
[2026-07-01T17:03:11.442+0000] {python.py:237} INFO - Done. Returned value was: /mnt/c/Users/dipak/OneDrive/Desktop/etl_pipeline/data/staging/transformed.parquet
[2026-07-01T17:03:11.445+0000] {taskinstance.py:441} INFO - ::group::Post task execution logs
[2026-07-01T17:03:11.517+0000] {taskinstance.py:1206} INFO - Marking task as SUCCESS. dag_id=etl_faker_pipeline, task_id=transform_task, run_id=manual__2026-07-01T16:59:18.218470+00:00, execution_date=20260701T165918, start_date=20260701T170300, end_date=20260701T170311
[2026-07-01T17:03:11.794+0000] {local_task_job_runner.py:240} INFO - Task exited with return code 0
[2026-07-01T17:03:11.931+0000] {taskinstance.py:3498} INFO - 1 downstream tasks scheduled from follow-on schedule check
[2026-07-01T17:03:11.950+0000] {local_task_job_runner.py:222} INFO - ::endgroup::
