[2026-07-01T14:07:21.667+0000] {local_task_job_runner.py:120} INFO - ::group::Pre task execution logs
[2026-07-01T14:07:21.840+0000] {taskinstance.py:2076} INFO - Dependencies all met for dep_context=non-requeueable deps ti=<TaskInstance: etl_faker_pipeline.load_task manual__2026-07-01T14:05:01.808851+00:00 [queued]>
[2026-07-01T14:07:21.860+0000] {taskinstance.py:2076} INFO - Dependencies all met for dep_context=requeueable deps ti=<TaskInstance: etl_faker_pipeline.load_task manual__2026-07-01T14:05:01.808851+00:00 [queued]>
[2026-07-01T14:07:21.864+0000] {taskinstance.py:2306} INFO - Starting attempt 1 of 4
[2026-07-01T14:07:21.919+0000] {taskinstance.py:2330} INFO - Executing <Task(_PythonDecoratedOperator): load_task> on 2026-07-01 14:05:01.808851+00:00
[2026-07-01T14:07:21.943+0000] {standard_task_runner.py:90} INFO - Running: ['airflow', 'tasks', 'run', 'etl_faker_pipeline', 'load_task', 'manual__2026-07-01T14:05:01.808851+00:00', '--job-id', '35', '--raw', '--subdir', 'DAGS_FOLDER/dag.py', '--cfg-path', '/tmp/tmpx1f611am']
[2026-07-01T14:07:21.948+0000] {standard_task_runner.py:91} INFO - Job 35: Subtask load_task
[2026-07-01T14:07:21.947+0000] {logging_mixin.py:188} WARNING - /mnt/c/Users/dipak/OneDrive/Desktop/etl_pipeline/.venv/lib/python3.12/site-packages/airflow/task/task_runner/standard_task_runner.py:61 DeprecationWarning: This process (pid=20933) is multi-threaded, use of fork() may lead to deadlocks in the child.
[2026-07-01T14:07:21.951+0000] {standard_task_runner.py:63} INFO - Started process 20946 to run task
[2026-07-01T14:07:22.162+0000] {task_command.py:426} INFO - Running <TaskInstance: etl_faker_pipeline.load_task manual__2026-07-01T14:05:01.808851+00:00 [running]> on host HP.localdomain
[2026-07-01T14:07:22.455+0000] {taskinstance.py:2648} INFO - Exporting env vars: AIRFLOW_CTX_DAG_OWNER='airflow' AIRFLOW_CTX_DAG_ID='etl_faker_pipeline' AIRFLOW_CTX_TASK_ID='load_task' AIRFLOW_CTX_EXECUTION_DATE='2026-07-01T14:05:01.808851+00:00' AIRFLOW_CTX_TRY_NUMBER='1' AIRFLOW_CTX_DAG_RUN_ID='manual__2026-07-01T14:05:01.808851+00:00'
[2026-07-01T14:07:22.458+0000] {taskinstance.py:430} INFO - ::endgroup::
[2026-07-01T14:07:24.254+0000] {base.py:84} INFO - Using connection ID 'etl_postgres' for task execution.
[2026-07-01T14:07:24.257+0000] {logging_mixin.py:188} INFO - Engine(postgresql://sanjaypoudel:***@localhost:5432/etl_db?__extra__=%7B%7D)
[2026-07-01T14:07:24.259+0000] {logging_mixin.py:188} INFO - <class 'sqlalchemy.engine.base.Engine'>
[2026-07-01T14:07:24.260+0000] {logging_mixin.py:188} INFO - sqlalchemy.engine.base
[2026-07-01T14:07:24.272+0000] {logging_mixin.py:188} WARNING - /mnt/c/Users/dipak/OneDrive/Desktop/etl_pipeline/airflow_flow/etl_works/load.py:20 UserWarning: pandas only supports SQLAlchemy connectable (engine/connection) or database string URI or sqlite3 DBAPI2 connection. Other DBAPI2 objects are not tested. Please consider using SQLAlchemy.
[2026-07-01T14:07:24.290+0000] {taskinstance.py:441} INFO - ::group::Post task execution logs
[2026-07-01T14:07:24.293+0000] {taskinstance.py:2905} ERROR - Task failed with exception
Traceback (most recent call last):
  File "/mnt/c/Users/dipak/OneDrive/Desktop/etl_pipeline/.venv/lib/python3.12/site-packages/airflow/models/taskinstance.py", line 465, in _execute_task
    result = _execute_callable(context=context, **execute_callable_kwargs)
             ^^^^^^^^^^^^^^^^^^^^^^^^^^^^^^^^^^^^^^^^^^^^^^^^^^^^^^^^^^^^^
  File "/mnt/c/Users/dipak/OneDrive/Desktop/etl_pipeline/.venv/lib/python3.12/site-packages/airflow/models/taskinstance.py", line 432, in _execute_callable
    return execute_callable(context=context, **execute_callable_kwargs)
           ^^^^^^^^^^^^^^^^^^^^^^^^^^^^^^^^^^^^^^^^^^^^^^^^^^^^^^^^^^^^
  File "/mnt/c/Users/dipak/OneDrive/Desktop/etl_pipeline/.venv/lib/python3.12/site-packages/airflow/models/baseoperator.py", line 400, in wrapper
    return func(self, *args, **kwargs)
           ^^^^^^^^^^^^^^^^^^^^^^^^^^^
  File "/mnt/c/Users/dipak/OneDrive/Desktop/etl_pipeline/.venv/lib/python3.12/site-packages/airflow/decorators/base.py", line 265, in execute
    return_value = super().execute(context)
                   ^^^^^^^^^^^^^^^^^^^^^^^^
  File "/mnt/c/Users/dipak/OneDrive/Desktop/etl_pipeline/.venv/lib/python3.12/site-packages/airflow/models/baseoperator.py", line 400, in wrapper
    return func(self, *args, **kwargs)
           ^^^^^^^^^^^^^^^^^^^^^^^^^^^
  File "/mnt/c/Users/dipak/OneDrive/Desktop/etl_pipeline/.venv/lib/python3.12/site-packages/airflow/operators/python.py", line 235, in execute
    return_value = self.execute_callable()
                   ^^^^^^^^^^^^^^^^^^^^^^^
  File "/mnt/c/Users/dipak/OneDrive/Desktop/etl_pipeline/.venv/lib/python3.12/site-packages/airflow/operators/python.py", line 252, in execute_callable
    return self.python_callable(*self.op_args, **self.op_kwargs)
           ^^^^^^^^^^^^^^^^^^^^^^^^^^^^^^^^^^^^^^^^^^^^^^^^^^^^^
  File "/mnt/c/Users/dipak/OneDrive/Desktop/etl_pipeline/airflow_flow/dags/dag.py", line 32, in load_task
    load_data(input_path)
  File "/mnt/c/Users/dipak/OneDrive/Desktop/etl_pipeline/airflow_flow/etl_works/load.py", line 20, in load_data
    df.to_sql(
  File "/mnt/c/Users/dipak/OneDrive/Desktop/etl_pipeline/.venv/lib/python3.12/site-packages/pandas/core/generic.py", line 3052, in to_sql
    return sql.to_sql(
           ^^^^^^^^^^^
  File "/mnt/c/Users/dipak/OneDrive/Desktop/etl_pipeline/.venv/lib/python3.12/site-packages/pandas/io/sql.py", line 841, in to_sql
    return pandas_sql.to_sql(
           ^^^^^^^^^^^^^^^^^^
  File "/mnt/c/Users/dipak/OneDrive/Desktop/etl_pipeline/.venv/lib/python3.12/site-packages/pandas/io/sql.py", line 2879, in to_sql
    table.create()
  File "/mnt/c/Users/dipak/OneDrive/Desktop/etl_pipeline/.venv/lib/python3.12/site-packages/pandas/io/sql.py", line 986, in create
    if self.exists():
       ^^^^^^^^^^^^^
  File "/mnt/c/Users/dipak/OneDrive/Desktop/etl_pipeline/.venv/lib/python3.12/site-packages/pandas/io/sql.py", line 972, in exists
    return self.pd_sql.has_table(self.name, self.schema)
           ^^^^^^^^^^^^^^^^^^^^^^^^^^^^^^^^^^^^^^^^^^^^^
  File "/mnt/c/Users/dipak/OneDrive/Desktop/etl_pipeline/.venv/lib/python3.12/site-packages/pandas/io/sql.py", line 2894, in has_table
    return len(self.execute(query, [name]).fetchall()) > 0
               ^^^^^^^^^^^^^^^^^^^^^^^^^^^
  File "/mnt/c/Users/dipak/OneDrive/Desktop/etl_pipeline/.venv/lib/python3.12/site-packages/pandas/io/sql.py", line 2700, in execute
    cur = self.con.cursor()
          ^^^^^^^^^^^^^^^
AttributeError: 'Engine' object has no attribute 'cursor'
[2026-07-01T14:07:24.416+0000] {taskinstance.py:1206} INFO - Marking task as UP_FOR_RETRY. dag_id=etl_faker_pipeline, task_id=load_task, run_id=manual__2026-07-01T14:05:01.808851+00:00, execution_date=20260701T140501, start_date=20260701T140721, end_date=20260701T140724
[2026-07-01T14:07:24.465+0000] {standard_task_runner.py:110} ERROR - Failed to execute job 35 for task load_task ('Engine' object has no attribute 'cursor'; 20946)
[2026-07-01T14:07:24.568+0000] {local_task_job_runner.py:240} INFO - Task exited with return code 1
[2026-07-01T14:07:24.597+0000] {taskinstance.py:3498} INFO - 0 downstream tasks scheduled from follow-on schedule check
[2026-07-01T14:07:24.602+0000] {local_task_job_runner.py:222} INFO - ::endgroup::
