[2026-07-01T10:52:47.647+0000] {local_task_job_runner.py:120} INFO - ::group::Pre task execution logs
[2026-07-01T10:52:47.891+0000] {taskinstance.py:2076} INFO - Dependencies all met for dep_context=non-requeueable deps ti=<TaskInstance: etl_faker_pipeline.extract_task scheduled__2026-06-30T00:00:00+00:00 [queued]>
[2026-07-01T10:52:48.016+0000] {taskinstance.py:2076} INFO - Dependencies all met for dep_context=requeueable deps ti=<TaskInstance: etl_faker_pipeline.extract_task scheduled__2026-06-30T00:00:00+00:00 [queued]>
[2026-07-01T10:52:48.028+0000] {taskinstance.py:2306} INFO - Starting attempt 1 of 2
[2026-07-01T10:52:48.129+0000] {taskinstance.py:2330} INFO - Executing <Task(_PythonDecoratedOperator): extract_task> on 2026-06-30 00:00:00+00:00
[2026-07-01T10:52:48.208+0000] {standard_task_runner.py:90} INFO - Running: ['airflow', 'tasks', 'run', 'etl_faker_pipeline', 'extract_task', 'scheduled__2026-06-30T00:00:00+00:00', '--job-id', '2', '--raw', '--subdir', 'DAGS_FOLDER/dag.py', '--cfg-path', '/tmp/tmp9wkdhiy4']
[2026-07-01T10:52:48.217+0000] {logging_mixin.py:188} WARNING - /mnt/c/Users/dipak/OneDrive/Desktop/etl_pipeline/.venv/lib/python3.12/site-packages/airflow/task/task_runner/standard_task_runner.py:61 DeprecationWarning: This process (pid=18555) is multi-threaded, use of fork() may lead to deadlocks in the child.
[2026-07-01T10:52:48.219+0000] {standard_task_runner.py:91} INFO - Job 2: Subtask extract_task
[2026-07-01T10:52:48.220+0000] {standard_task_runner.py:63} INFO - Started process 18574 to run task
[2026-07-01T10:52:52.242+0000] {task_command.py:426} INFO - Running <TaskInstance: etl_faker_pipeline.extract_task scheduled__2026-06-30T00:00:00+00:00 [running]> on host HP.localdomain
[2026-07-01T10:52:52.948+0000] {taskinstance.py:2648} INFO - Exporting env vars: AIRFLOW_CTX_DAG_OWNER='airflow' AIRFLOW_CTX_DAG_ID='etl_faker_pipeline' AIRFLOW_CTX_TASK_ID='extract_task' AIRFLOW_CTX_EXECUTION_DATE='2026-06-30T00:00:00+00:00' AIRFLOW_CTX_TRY_NUMBER='1' AIRFLOW_CTX_DAG_RUN_ID='scheduled__2026-06-30T00:00:00+00:00'
[2026-07-01T10:52:52.952+0000] {taskinstance.py:430} INFO - ::endgroup::
[2026-07-01T10:53:00.758+0000] {logging_mixin.py:188} INFO - (1000000, 4)
[2026-07-01T10:53:01.010+0000] {logging_mixin.py:188} INFO - name           0
email      50163
salary    100339
dob        49622
dtype: int64
[2026-07-01T10:53:01.025+0000] {python.py:237} INFO - Done. Returned value was:                      name                        email    salary         dob
0           Charles Allen         pkaufman@example.net  100222.0  1990-09-14
1         Matthew Allison          julia88@example.org   43080.0  1957-01-20
2         Jacob Robertson        jeffrey17@example.com  114081.0  1999-10-02
3         Nicole Galloway  camachojonathan@example.net  115150.0  1998-04-19
4       Jennifer Williams                          NaN   55195.0  2007-12-18
...                   ...                          ...       ...         ...
999995     Joshua Perkins           jodi98@example.com   53347.0  1981-11-19
999996        Amanda Cook        melissa59@example.com   53606.0  1986-03-06
999997  Jeremiah Mitchell        gwilliams@example.org   44874.0        None
999998     Jennifer Price           nmyers@example.net  114400.0  1988-07-15
999999        Bryan Tapia     hectorsnyder@example.com   34707.0  1963-11-30

[1000000 rows x 4 columns]
[2026-07-01T10:53:01.308+0000] {taskinstance.py:441} INFO - ::group::Post task execution logs
[2026-07-01T10:53:01.353+0000] {xcom.py:675} ERROR - Object of type DataFrame is not JSON serializable. If you are using pickle instead of JSON for XCom, then you need to enable pickle support for XCom in your airflow config or make sure to decorate your object with attr.
[2026-07-01T10:53:01.362+0000] {taskinstance.py:2905} ERROR - Task failed with exception
Traceback (most recent call last):
  File "/mnt/c/Users/dipak/OneDrive/Desktop/etl_pipeline/.venv/lib/python3.12/site-packages/airflow/utils/json.py", line 91, in default
    return serialize(o)
           ^^^^^^^^^^^^
  File "/mnt/c/Users/dipak/OneDrive/Desktop/etl_pipeline/.venv/lib/python3.12/site-packages/airflow/serialization/serde.py", line 189, in serialize
    raise TypeError(f"cannot serialize object of type {cls}")
TypeError: cannot serialize object of type <class 'pandas.DataFrame'>

During handling of the above exception, another exception occurred:

Traceback (most recent call last):
  File "/mnt/c/Users/dipak/OneDrive/Desktop/etl_pipeline/.venv/lib/python3.12/site-packages/airflow/models/taskinstance.py", line 486, in _execute_task
    task_instance.xcom_push(key=XCOM_RETURN_KEY, value=xcom_value, session=session)
  File "/mnt/c/Users/dipak/OneDrive/Desktop/etl_pipeline/.venv/lib/python3.12/site-packages/airflow/utils/session.py", line 76, in wrapper
    return func(*args, **kwargs)
           ^^^^^^^^^^^^^^^^^^^^^
  File "/mnt/c/Users/dipak/OneDrive/Desktop/etl_pipeline/.venv/lib/python3.12/site-packages/airflow/models/taskinstance.py", line 3197, in xcom_push
    XCom.set(
  File "/mnt/c/Users/dipak/OneDrive/Desktop/etl_pipeline/.venv/lib/python3.12/site-packages/airflow/utils/session.py", line 76, in wrapper
    return func(*args, **kwargs)
           ^^^^^^^^^^^^^^^^^^^^^
  File "/mnt/c/Users/dipak/OneDrive/Desktop/etl_pipeline/.venv/lib/python3.12/site-packages/airflow/models/xcom.py", line 246, in set
    value = cls.serialize_value(
            ^^^^^^^^^^^^^^^^^^^^
  File "/mnt/c/Users/dipak/OneDrive/Desktop/etl_pipeline/.venv/lib/python3.12/site-packages/airflow/models/xcom.py", line 673, in serialize_value
    return json.dumps(value, cls=XComEncoder).encode("UTF-8")
           ^^^^^^^^^^^^^^^^^^^^^^^^^^^^^^^^^^
  File "/usr/lib/python3.12/json/__init__.py", line 238, in dumps
    **kw).encode(obj)
          ^^^^^^^^^^^
  File "/mnt/c/Users/dipak/OneDrive/Desktop/etl_pipeline/.venv/lib/python3.12/site-packages/airflow/utils/json.py", line 104, in encode
    return super().encode(o)
           ^^^^^^^^^^^^^^^^^
  File "/usr/lib/python3.12/json/encoder.py", line 200, in encode
    chunks = self.iterencode(o, _one_shot=True)
             ^^^^^^^^^^^^^^^^^^^^^^^^^^^^^^^^^^
  File "/usr/lib/python3.12/json/encoder.py", line 258, in iterencode
    return _iterencode(o, 0)
           ^^^^^^^^^^^^^^^^^
  File "/mnt/c/Users/dipak/OneDrive/Desktop/etl_pipeline/.venv/lib/python3.12/site-packages/airflow/utils/json.py", line 93, in default
    return super().default(o)
           ^^^^^^^^^^^^^^^^^^
  File "/usr/lib/python3.12/json/encoder.py", line 180, in default
    raise TypeError(f'Object of type {o.__class__.__name__} '
TypeError: Object of type DataFrame is not JSON serializable
[2026-07-01T10:53:01.683+0000] {taskinstance.py:1206} INFO - Marking task as UP_FOR_RETRY. dag_id=etl_faker_pipeline, task_id=extract_task, run_id=scheduled__2026-06-30T00:00:00+00:00, execution_date=20260630T000000, start_date=20260701T105247, end_date=20260701T105301
[2026-07-01T10:53:01.744+0000] {standard_task_runner.py:110} ERROR - Failed to execute job 2 for task extract_task (Object of type DataFrame is not JSON serializable; 18574)
[2026-07-01T10:53:01.896+0000] {local_task_job_runner.py:240} INFO - Task exited with return code 1
[2026-07-01T10:53:02.365+0000] {taskinstance.py:3498} INFO - 0 downstream tasks scheduled from follow-on schedule check
[2026-07-01T10:53:02.378+0000] {local_task_job_runner.py:222} INFO - ::endgroup::
