[2026-07-01T13:00:31.251+0000] {local_task_job_runner.py:120} INFO - ::group::Pre task execution logs
[2026-07-01T13:00:31.839+0000] {taskinstance.py:2076} INFO - Dependencies all met for dep_context=non-requeueable deps ti=<TaskInstance: etl_faker_pipeline.load_task manual__2026-07-01T12:21:15.960274+00:00 [queued]>
[2026-07-01T13:00:31.927+0000] {taskinstance.py:2076} INFO - Dependencies all met for dep_context=requeueable deps ti=<TaskInstance: etl_faker_pipeline.load_task manual__2026-07-01T12:21:15.960274+00:00 [queued]>
[2026-07-01T13:00:31.937+0000] {taskinstance.py:2306} INFO - Starting attempt 2 of 2
[2026-07-01T13:00:32.154+0000] {taskinstance.py:2330} INFO - Executing <Task(_PythonDecoratedOperator): load_task> on 2026-07-01 12:21:15.960274+00:00
[2026-07-01T13:00:32.233+0000] {standard_task_runner.py:90} INFO - Running: ['airflow', 'tasks', 'run', 'etl_faker_pipeline', 'load_task', 'manual__2026-07-01T12:21:15.960274+00:00', '--job-id', '14', '--raw', '--subdir', 'DAGS_FOLDER/dag.py', '--cfg-path', '/tmp/tmphvtgs47z']
[2026-07-01T13:00:32.246+0000] {logging_mixin.py:188} WARNING - /mnt/c/Users/dipak/OneDrive/Desktop/etl_pipeline/.venv/lib/python3.12/site-packages/airflow/task/task_runner/standard_task_runner.py:61 DeprecationWarning: This process (pid=20038) is multi-threaded, use of fork() may lead to deadlocks in the child.
[2026-07-01T13:00:32.264+0000] {standard_task_runner.py:91} INFO - Job 14: Subtask load_task
[2026-07-01T13:00:32.267+0000] {standard_task_runner.py:63} INFO - Started process 20070 to run task
[2026-07-01T13:00:34.341+0000] {task_command.py:426} INFO - Running <TaskInstance: etl_faker_pipeline.load_task manual__2026-07-01T12:21:15.960274+00:00 [running]> on host HP.localdomain
[2026-07-01T13:00:35.191+0000] {taskinstance.py:2648} INFO - Exporting env vars: AIRFLOW_CTX_DAG_OWNER='airflow' AIRFLOW_CTX_DAG_ID='etl_faker_pipeline' AIRFLOW_CTX_TASK_ID='load_task' AIRFLOW_CTX_EXECUTION_DATE='2026-07-01T12:21:15.960274+00:00' AIRFLOW_CTX_TRY_NUMBER='2' AIRFLOW_CTX_DAG_RUN_ID='manual__2026-07-01T12:21:15.960274+00:00'
[2026-07-01T13:00:35.196+0000] {taskinstance.py:430} INFO - ::endgroup::
[2026-07-01T13:00:44.646+0000] {taskinstance.py:441} INFO - ::group::Post task execution logs
[2026-07-01T13:00:44.657+0000] {taskinstance.py:2905} ERROR - Task failed with exception
Traceback (most recent call last):
  File "/mnt/c/Users/dipak/OneDrive/Desktop/etl_pipeline/.venv/lib/python3.12/site-packages/airflow/models/taskinstance.py", line 465, in _execute_task
    result = _execute_callable(context=context, **execute_callable_kwargs)
             ^^^^^^^^^^^^^^^^^^^^^^^^^^^^^^^^^^^^^^^^^^^^^^^^^^^^^^^^^^^^^
  File "/mnt/c/Users/dipak/OneDrive/Desktop/etl_pipeline/.venv/lib/python3.12/site-packages/airflow/models/taskinstance.py", line 432, in _execute_callable
    return execute_callable(context=context, **execute_callable_kwargs)
           ^^^^^^^^^^^^^^^^^^^^^^^^^^^^^^^^^^^^^^^^^^^^^^^^^^^^^^^^^^^^
  File "/mnt/c/Users/dipak/OneDrive/Desktop/etl_pipeline/.venv/lib/python3.12/site-packages/airflow/models/baseoperator.py", line 400, in wrapper
    return func(self, *args, **kwargs)
           ^^^^^^^^^^^^^^^^^^^^^^^^^^^
  File "/mnt/c/Users/dipak/OneDrive/Desktop/etl_pipeline/.venv/lib/python3.12/site-packages/airflow/decorators/base.py", line 265, in execute
    return_value = super().execute(context)
                   ^^^^^^^^^^^^^^^^^^^^^^^^
  File "/mnt/c/Users/dipak/OneDrive/Desktop/etl_pipeline/.venv/lib/python3.12/site-packages/airflow/models/baseoperator.py", line 400, in wrapper
    return func(self, *args, **kwargs)
           ^^^^^^^^^^^^^^^^^^^^^^^^^^^
  File "/mnt/c/Users/dipak/OneDrive/Desktop/etl_pipeline/.venv/lib/python3.12/site-packages/airflow/operators/python.py", line 235, in execute
    return_value = self.execute_callable()
                   ^^^^^^^^^^^^^^^^^^^^^^^
  File "/mnt/c/Users/dipak/OneDrive/Desktop/etl_pipeline/.venv/lib/python3.12/site-packages/airflow/operators/python.py", line 252, in execute_callable
    return self.python_callable(*self.op_args, **self.op_kwargs)
           ^^^^^^^^^^^^^^^^^^^^^^^^^^^^^^^^^^^^^^^^^^^^^^^^^^^^^
  File "/mnt/c/Users/dipak/OneDrive/Desktop/etl_pipeline/airflow_flow/dags/dag.py", line 32, in load_task
    load_data(input_path)
  File "/mnt/c/Users/dipak/OneDrive/Desktop/etl_pipeline/airflow_flow/etl_works/load.py", line 7, in load_data
    if not input_path.exists():
           ^^^^^^^^^^^^^^^^^
AttributeError: 'str' object has no attribute 'exists'
[2026-07-01T13:00:45.334+0000] {taskinstance.py:1206} INFO - Marking task as FAILED. dag_id=etl_faker_pipeline, task_id=load_task, run_id=manual__2026-07-01T12:21:15.960274+00:00, execution_date=20260701T122115, start_date=20260701T130031, end_date=20260701T130045
[2026-07-01T13:00:45.564+0000] {standard_task_runner.py:110} ERROR - Failed to execute job 14 for task load_task ('str' object has no attribute 'exists'; 20070)
[2026-07-01T13:00:46.323+0000] {local_task_job_runner.py:240} INFO - Task exited with return code 1
[2026-07-01T13:00:46.396+0000] {taskinstance.py:3498} INFO - 0 downstream tasks scheduled from follow-on schedule check
[2026-07-01T13:00:46.404+0000] {local_task_job_runner.py:222} INFO - ::endgroup::
