[2026-07-01T13:59:32.593+0000] {local_task_job_runner.py:120} INFO - ::group::Pre task execution logs
[2026-07-01T13:59:32.781+0000] {taskinstance.py:2076} INFO - Dependencies all met for dep_context=non-requeueable deps ti=<TaskInstance: etl_faker_pipeline.load_task manual__2026-07-01T13:18:34.616748+00:00 [queued]>
[2026-07-01T13:59:32.828+0000] {taskinstance.py:2076} INFO - Dependencies all met for dep_context=requeueable deps ti=<TaskInstance: etl_faker_pipeline.load_task manual__2026-07-01T13:18:34.616748+00:00 [queued]>
[2026-07-01T13:59:32.832+0000] {taskinstance.py:2306} INFO - Starting attempt 4 of 4
[2026-07-01T13:59:32.972+0000] {taskinstance.py:2330} INFO - Executing <Task(_PythonDecoratedOperator): load_task> on 2026-07-01 13:18:34.616748+00:00
[2026-07-01T13:59:33.032+0000] {logging_mixin.py:188} WARNING - /mnt/c/Users/dipak/OneDrive/Desktop/etl_pipeline/.venv/lib/python3.12/site-packages/airflow/task/task_runner/standard_task_runner.py:61 DeprecationWarning: This process (pid=20801) is multi-threaded, use of fork() may lead to deadlocks in the child.
[2026-07-01T13:59:33.037+0000] {standard_task_runner.py:63} INFO - Started process 20834 to run task
[2026-07-01T13:59:33.026+0000] {standard_task_runner.py:90} INFO - Running: ['airflow', 'tasks', 'run', 'etl_faker_pipeline', 'load_task', 'manual__2026-07-01T13:18:34.616748+00:00', '--job-id', '32', '--raw', '--subdir', 'DAGS_FOLDER/dag.py', '--cfg-path', '/tmp/tmpkpytgc4v']
[2026-07-01T13:59:33.039+0000] {standard_task_runner.py:91} INFO - Job 32: Subtask load_task
[2026-07-01T13:59:33.408+0000] {task_command.py:426} INFO - Running <TaskInstance: etl_faker_pipeline.load_task manual__2026-07-01T13:18:34.616748+00:00 [running]> on host HP.localdomain
[2026-07-01T13:59:33.929+0000] {taskinstance.py:2648} INFO - Exporting env vars: AIRFLOW_CTX_DAG_OWNER='airflow' AIRFLOW_CTX_DAG_ID='etl_faker_pipeline' AIRFLOW_CTX_TASK_ID='load_task' AIRFLOW_CTX_EXECUTION_DATE='2026-07-01T13:18:34.616748+00:00' AIRFLOW_CTX_TRY_NUMBER='4' AIRFLOW_CTX_DAG_RUN_ID='manual__2026-07-01T13:18:34.616748+00:00'
[2026-07-01T13:59:33.936+0000] {taskinstance.py:430} INFO - ::endgroup::
[2026-07-01T13:59:37.653+0000] {taskinstance.py:441} INFO - ::group::Post task execution logs
[2026-07-01T13:59:37.658+0000] {taskinstance.py:2905} ERROR - Task failed with exception
Traceback (most recent call last):
  File "/mnt/c/Users/dipak/OneDrive/Desktop/etl_pipeline/.venv/lib/python3.12/site-packages/airflow/models/taskinstance.py", line 465, in _execute_task
    result = _execute_callable(context=context, **execute_callable_kwargs)
             ^^^^^^^^^^^^^^^^^^^^^^^^^^^^^^^^^^^^^^^^^^^^^^^^^^^^^^^^^^^^^
  File "/mnt/c/Users/dipak/OneDrive/Desktop/etl_pipeline/.venv/lib/python3.12/site-packages/airflow/models/taskinstance.py", line 432, in _execute_callable
    return execute_callable(context=context, **execute_callable_kwargs)
           ^^^^^^^^^^^^^^^^^^^^^^^^^^^^^^^^^^^^^^^^^^^^^^^^^^^^^^^^^^^^
  File "/mnt/c/Users/dipak/OneDrive/Desktop/etl_pipeline/.venv/lib/python3.12/site-packages/airflow/models/baseoperator.py", line 400, in wrapper
    return func(self, *args, **kwargs)
           ^^^^^^^^^^^^^^^^^^^^^^^^^^^
  File "/mnt/c/Users/dipak/OneDrive/Desktop/etl_pipeline/.venv/lib/python3.12/site-packages/airflow/decorators/base.py", line 265, in execute
    return_value = super().execute(context)
                   ^^^^^^^^^^^^^^^^^^^^^^^^
  File "/mnt/c/Users/dipak/OneDrive/Desktop/etl_pipeline/.venv/lib/python3.12/site-packages/airflow/models/baseoperator.py", line 400, in wrapper
    return func(self, *args, **kwargs)
           ^^^^^^^^^^^^^^^^^^^^^^^^^^^
  File "/mnt/c/Users/dipak/OneDrive/Desktop/etl_pipeline/.venv/lib/python3.12/site-packages/airflow/operators/python.py", line 235, in execute
    return_value = self.execute_callable()
                   ^^^^^^^^^^^^^^^^^^^^^^^
  File "/mnt/c/Users/dipak/OneDrive/Desktop/etl_pipeline/.venv/lib/python3.12/site-packages/airflow/operators/python.py", line 252, in execute_callable
    return self.python_callable(*self.op_args, **self.op_kwargs)
           ^^^^^^^^^^^^^^^^^^^^^^^^^^^^^^^^^^^^^^^^^^^^^^^^^^^^^
  File "/mnt/c/Users/dipak/OneDrive/Desktop/etl_pipeline/airflow_flow/dags/dag.py", line 32, in load_task
    load_data(input_path)
  File "/mnt/c/Users/dipak/OneDrive/Desktop/etl_pipeline/airflow_flow/etl_works/load.py", line 7, in load_data
    if not input_path.exists():
           ^^^^^^^^^^^^^^^^^
AttributeError: 'str' object has no attribute 'exists'
[2026-07-01T13:59:37.772+0000] {taskinstance.py:1206} INFO - Marking task as FAILED. dag_id=etl_faker_pipeline, task_id=load_task, run_id=manual__2026-07-01T13:18:34.616748+00:00, execution_date=20260701T131834, start_date=20260701T135932, end_date=20260701T135937
[2026-07-01T13:59:37.862+0000] {standard_task_runner.py:110} ERROR - Failed to execute job 32 for task load_task ('str' object has no attribute 'exists'; 20834)
[2026-07-01T13:59:38.052+0000] {local_task_job_runner.py:240} INFO - Task exited with return code 1
[2026-07-01T13:59:38.104+0000] {taskinstance.py:3498} INFO - 0 downstream tasks scheduled from follow-on schedule check
[2026-07-01T13:59:38.109+0000] {local_task_job_runner.py:222} INFO - ::endgroup::
