[2026-07-01T16:51:38.651+0000] {local_task_job_runner.py:120} INFO - ::group::Pre task execution logs
[2026-07-01T16:51:38.824+0000] {taskinstance.py:2076} INFO - Dependencies all met for dep_context=non-requeueable deps ti=<TaskInstance: etl_faker_pipeline.transform_task manual__2026-07-01T16:49:13.035329+00:00 [queued]>
[2026-07-01T16:51:38.844+0000] {taskinstance.py:2076} INFO - Dependencies all met for dep_context=requeueable deps ti=<TaskInstance: etl_faker_pipeline.transform_task manual__2026-07-01T16:49:13.035329+00:00 [queued]>
[2026-07-01T16:51:38.846+0000] {taskinstance.py:2306} INFO - Starting attempt 1 of 4
[2026-07-01T16:51:38.899+0000] {taskinstance.py:2330} INFO - Executing <Task(_PythonDecoratedOperator): transform_task> on 2026-07-01 16:49:13.035329+00:00
[2026-07-01T16:51:38.935+0000] {standard_task_runner.py:90} INFO - Running: ['airflow', 'tasks', 'run', 'etl_faker_pipeline', 'transform_task', 'manual__2026-07-01T16:49:13.035329+00:00', '--job-id', '41', '--raw', '--subdir', 'DAGS_FOLDER/dag.py', '--cfg-path', '/tmp/tmpsvogc8ln']
[2026-07-01T16:51:38.948+0000] {logging_mixin.py:188} WARNING - /mnt/c/Users/dipak/OneDrive/Desktop/etl_pipeline/.venv/lib/python3.12/site-packages/airflow/task/task_runner/standard_task_runner.py:61 DeprecationWarning: This process (pid=1649) is multi-threaded, use of fork() may lead to deadlocks in the child.
[2026-07-01T16:51:38.945+0000] {standard_task_runner.py:91} INFO - Job 41: Subtask transform_task
[2026-07-01T16:51:38.951+0000] {standard_task_runner.py:63} INFO - Started process 1654 to run task
[2026-07-01T16:51:39.282+0000] {task_command.py:426} INFO - Running <TaskInstance: etl_faker_pipeline.transform_task manual__2026-07-01T16:49:13.035329+00:00 [running]> on host HP.localdomain
[2026-07-01T16:51:40.024+0000] {taskinstance.py:2648} INFO - Exporting env vars: AIRFLOW_CTX_DAG_OWNER='airflow' AIRFLOW_CTX_DAG_ID='etl_faker_pipeline' AIRFLOW_CTX_TASK_ID='transform_task' AIRFLOW_CTX_EXECUTION_DATE='2026-07-01T16:49:13.035329+00:00' AIRFLOW_CTX_TRY_NUMBER='1' AIRFLOW_CTX_DAG_RUN_ID='manual__2026-07-01T16:49:13.035329+00:00'
[2026-07-01T16:51:40.029+0000] {taskinstance.py:430} INFO - ::endgroup::
[2026-07-01T16:51:50.420+0000] {logging_mixin.py:188} INFO - Transformation complete
[2026-07-01T16:51:50.461+0000] {logging_mixin.py:188} INFO -                 name                        email  ...         dob year_of_birth
0      Charles Allen         pkaufman@example.net  ...  1990-09-14          1990
2    Jacob Robertson        jeffrey17@example.com  ...  1999-10-02          1999
3    Nicole Galloway  camachojonathan@example.net  ...  1998-04-19          1998
4  Jennifer Williams          unknown@example.com  ...  2007-12-18          2007
6  Bradley Cervantes      horndarlene@example.com  ...  1968-02-08          1968

[5 rows x 5 columns]
[2026-07-01T16:51:50.535+0000] {python.py:237} INFO - Done. Returned value was: /mnt/c/Users/dipak/OneDrive/Desktop/etl_pipeline/data/staging/transformed.parquet
[2026-07-01T16:51:50.538+0000] {taskinstance.py:441} INFO - ::group::Post task execution logs
[2026-07-01T16:51:50.615+0000] {taskinstance.py:1206} INFO - Marking task as SUCCESS. dag_id=etl_faker_pipeline, task_id=transform_task, run_id=manual__2026-07-01T16:49:13.035329+00:00, execution_date=20260701T164913, start_date=20260701T165138, end_date=20260701T165150
[2026-07-01T16:51:50.746+0000] {local_task_job_runner.py:240} INFO - Task exited with return code 0
[2026-07-01T16:51:50.809+0000] {taskinstance.py:3498} INFO - 1 downstream tasks scheduled from follow-on schedule check
[2026-07-01T16:51:50.831+0000] {local_task_job_runner.py:222} INFO - ::endgroup::
