[2026-07-01T12:36:11.298+0000] {local_task_job_runner.py:120} INFO - ::group::Pre task execution logs
[2026-07-01T12:36:11.701+0000] {taskinstance.py:2076} INFO - Dependencies all met for dep_context=non-requeueable deps ti=<TaskInstance: etl_faker_pipeline.transform_task manual__2026-07-01T12:30:30.212948+00:00 [queued]>
[2026-07-01T12:36:11.801+0000] {taskinstance.py:2076} INFO - Dependencies all met for dep_context=requeueable deps ti=<TaskInstance: etl_faker_pipeline.transform_task manual__2026-07-01T12:30:30.212948+00:00 [queued]>
[2026-07-01T12:36:11.893+0000] {taskinstance.py:2306} INFO - Starting attempt 1 of 2
[2026-07-01T12:36:12.601+0000] {taskinstance.py:2330} INFO - Executing <Task(_PythonDecoratedOperator): transform_task> on 2026-07-01 12:30:30.212948+00:00
[2026-07-01T12:36:12.635+0000] {standard_task_runner.py:90} INFO - Running: ['airflow', 'tasks', 'run', 'etl_faker_pipeline', 'transform_task', 'manual__2026-07-01T12:30:30.212948+00:00', '--job-id', '11', '--raw', '--subdir', 'DAGS_FOLDER/dag.py', '--cfg-path', '/tmp/tmpvzzu_50e']
[2026-07-01T12:36:12.641+0000] {standard_task_runner.py:91} INFO - Job 11: Subtask transform_task
[2026-07-01T12:36:12.641+0000] {logging_mixin.py:188} WARNING - /mnt/c/Users/dipak/OneDrive/Desktop/etl_pipeline/.venv/lib/python3.12/site-packages/airflow/task/task_runner/standard_task_runner.py:61 DeprecationWarning: This process (pid=19659) is multi-threaded, use of fork() may lead to deadlocks in the child.
[2026-07-01T12:36:12.647+0000] {standard_task_runner.py:63} INFO - Started process 19695 to run task
[2026-07-01T12:36:13.354+0000] {task_command.py:426} INFO - Running <TaskInstance: etl_faker_pipeline.transform_task manual__2026-07-01T12:30:30.212948+00:00 [running]> on host HP.localdomain
[2026-07-01T12:36:14.420+0000] {taskinstance.py:2648} INFO - Exporting env vars: AIRFLOW_CTX_DAG_OWNER='airflow' AIRFLOW_CTX_DAG_ID='etl_faker_pipeline' AIRFLOW_CTX_TASK_ID='transform_task' AIRFLOW_CTX_EXECUTION_DATE='2026-07-01T12:30:30.212948+00:00' AIRFLOW_CTX_TRY_NUMBER='1' AIRFLOW_CTX_DAG_RUN_ID='manual__2026-07-01T12:30:30.212948+00:00'
[2026-07-01T12:36:14.429+0000] {taskinstance.py:430} INFO - ::endgroup::
[2026-07-01T12:36:23.040+0000] {logging_mixin.py:188} INFO - Transformation complete
[2026-07-01T12:36:23.115+0000] {logging_mixin.py:188} INFO -                 name                        email    salary         dob  year_of_birth
0      Charles Allen         pkaufman@example.net  100222.0  1990-09-14           1990
2    Jacob Robertson        jeffrey17@example.com  114081.0  1999-10-02           1999
3    Nicole Galloway  camachojonathan@example.net  115150.0  1998-04-19           1998
4  Jennifer Williams          unknown@example.com   55195.0  2007-12-18           2007
6  Bradley Cervantes      horndarlene@example.com  111158.0  1968-02-08           1968
[2026-07-01T12:36:23.138+0000] {python.py:237} INFO - Done. Returned value was: /mnt/c/Users/dipak/OneDrive/Desktop/etl_pipeline/data/staging/transformed.parquet
[2026-07-01T12:36:23.143+0000] {taskinstance.py:441} INFO - ::group::Post task execution logs
[2026-07-01T12:36:23.246+0000] {taskinstance.py:1206} INFO - Marking task as SUCCESS. dag_id=etl_faker_pipeline, task_id=transform_task, run_id=manual__2026-07-01T12:30:30.212948+00:00, execution_date=20260701T123030, start_date=20260701T123611, end_date=20260701T123623
[2026-07-01T12:36:23.444+0000] {local_task_job_runner.py:240} INFO - Task exited with return code 0
[2026-07-01T12:36:23.540+0000] {taskinstance.py:3498} INFO - 1 downstream tasks scheduled from follow-on schedule check
[2026-07-01T12:36:23.577+0000] {local_task_job_runner.py:222} INFO - ::endgroup::
