[2026-07-01T12:31:36.978+0000] {local_task_job_runner.py:120} INFO - ::group::Pre task execution logs
[2026-07-01T12:31:37.236+0000] {taskinstance.py:2076} INFO - Dependencies all met for dep_context=non-requeueable deps ti=<TaskInstance: etl_faker_pipeline.extract_task manual__2026-07-01T12:21:15.960274+00:00 [queued]>
[2026-07-01T12:31:37.274+0000] {taskinstance.py:2076} INFO - Dependencies all met for dep_context=requeueable deps ti=<TaskInstance: etl_faker_pipeline.extract_task manual__2026-07-01T12:21:15.960274+00:00 [queued]>
[2026-07-01T12:31:37.279+0000] {taskinstance.py:2306} INFO - Starting attempt 2 of 2
[2026-07-01T12:31:37.420+0000] {taskinstance.py:2330} INFO - Executing <Task(_PythonDecoratedOperator): extract_task> on 2026-07-01 12:21:15.960274+00:00
[2026-07-01T12:31:37.478+0000] {standard_task_runner.py:90} INFO - Running: ['airflow', 'tasks', 'run', 'etl_faker_pipeline', 'extract_task', 'manual__2026-07-01T12:21:15.960274+00:00', '--job-id', '8', '--raw', '--subdir', 'DAGS_FOLDER/dag.py', '--cfg-path', '/tmp/tmpa6tkvg_3']
[2026-07-01T12:31:37.489+0000] {standard_task_runner.py:91} INFO - Job 8: Subtask extract_task
[2026-07-01T12:31:37.503+0000] {logging_mixin.py:188} WARNING - /mnt/c/Users/dipak/OneDrive/Desktop/etl_pipeline/.venv/lib/python3.12/site-packages/airflow/task/task_runner/standard_task_runner.py:61 DeprecationWarning: This process (pid=19493) is multi-threaded, use of fork() may lead to deadlocks in the child.
[2026-07-01T12:31:37.509+0000] {standard_task_runner.py:63} INFO - Started process 19517 to run task
[2026-07-01T12:31:37.896+0000] {task_command.py:426} INFO - Running <TaskInstance: etl_faker_pipeline.extract_task manual__2026-07-01T12:21:15.960274+00:00 [running]> on host HP.localdomain
[2026-07-01T12:31:38.242+0000] {taskinstance.py:2648} INFO - Exporting env vars: AIRFLOW_CTX_DAG_OWNER='airflow' AIRFLOW_CTX_DAG_ID='etl_faker_pipeline' AIRFLOW_CTX_TASK_ID='extract_task' AIRFLOW_CTX_EXECUTION_DATE='2026-07-01T12:21:15.960274+00:00' AIRFLOW_CTX_TRY_NUMBER='2' AIRFLOW_CTX_DAG_RUN_ID='manual__2026-07-01T12:21:15.960274+00:00'
[2026-07-01T12:31:38.246+0000] {taskinstance.py:430} INFO - ::endgroup::
[2026-07-01T12:31:47.184+0000] {logging_mixin.py:188} INFO - (1000000, 4)
[2026-07-01T12:31:47.283+0000] {logging_mixin.py:188} INFO - name           0
email      50163
salary    100339
dob        49622
dtype: int64
[2026-07-01T12:31:47.290+0000] {python.py:237} INFO - Done. Returned value was: /mnt/c/Users/dipak/OneDrive/Desktop/etl_pipeline/data/staging/extracted.parquet
[2026-07-01T12:31:47.293+0000] {taskinstance.py:441} INFO - ::group::Post task execution logs
[2026-07-01T12:31:47.369+0000] {taskinstance.py:1206} INFO - Marking task as SUCCESS. dag_id=etl_faker_pipeline, task_id=extract_task, run_id=manual__2026-07-01T12:21:15.960274+00:00, execution_date=20260701T122115, start_date=20260701T123137, end_date=20260701T123147
[2026-07-01T12:31:47.528+0000] {local_task_job_runner.py:240} INFO - Task exited with return code 0
[2026-07-01T12:31:47.593+0000] {taskinstance.py:3498} INFO - 1 downstream tasks scheduled from follow-on schedule check
[2026-07-01T12:31:47.610+0000] {local_task_job_runner.py:222} INFO - ::endgroup::
